<?xml version="1.0" encoding="UTF-8"?>
<!-- Generated by org.testng.reporters.JUnitXMLReporter -->
<testsuite ignored="0" hostname="ITSL-LT52" failures="4" tests="4" name="appseConnect Test(failed)" time="18.803" errors="0" timestamp="2022-05-31T20:59:13 IST">
  <testcase classname="com.appseConnect.testCases.TC_LoginTestDDT_002" name="loginTestDDT" time="1.617">
    <failure type="java.lang.AssertionError" message="expected [true] but found [false]">
      <![CDATA[java.lang.AssertionError: expected [true] but found [false]
at com.appseConnect.testCases.TC_LoginTestDDT_002.loginTestDDT(TC_LoginTestDDT_002.java:40)
at java.base/java.util.ArrayList.forEach(ArrayList.java:1511)
... Removed 31 stack frames]]>
    </failure>
  </testcase> <!-- loginTestDDT -->
  <testcase classname="com.appseConnect.testCases.TC_LoginTestDDT_002" name="loginTestDDT" time="0.618">
    <failure type="java.lang.AssertionError" message="expected [true] but found [false]">
      <![CDATA[java.lang.AssertionError: expected [true] but found [false]
at com.appseConnect.testCases.TC_LoginTestDDT_002.loginTestDDT(TC_LoginTestDDT_002.java:40)
at java.base/java.util.ArrayList.forEach(ArrayList.java:1511)
... Removed 31 stack frames]]>
    </failure>
  </testcase> <!-- loginTestDDT -->
  <testcase classname="com.appseConnect.testCases.TC_LoginTestDDT_002" name="loginTestDDT" time="1.717">
    <failure type="java.lang.AssertionError" message="expected [true] but found [false]">
      <![CDATA[java.lang.AssertionError: expected [true] but found [false]
at com.appseConnect.testCases.TC_LoginTestDDT_002.loginTestDDT(TC_LoginTestDDT_002.java:40)
at java.base/java.util.ArrayList.forEach(ArrayList.java:1511)
... Removed 31 stack frames]]>
    </failure>
  </testcase> <!-- loginTestDDT -->
  <testcase classname="com.appseConnect.testCases.TC_LoginTestDDT_002" name="loginTestDDT" time="0.548">
    <failure type="java.lang.AssertionError" message="expected [true] but found [false]">
      <![CDATA[java.lang.AssertionError: expected [true] but found [false]
at com.appseConnect.testCases.TC_LoginTestDDT_002.loginTestDDT(TC_LoginTestDDT_002.java:40)
at java.base/java.util.ArrayList.forEach(ArrayList.java:1511)
... Removed 31 stack frames]]>
    </failure>
  </testcase> <!-- loginTestDDT -->
</testsuite> <!-- appseConnect Test(failed) -->
